2023.07.11 13:35:56 INFO  Started: Metals version 0.11.12 in workspace 'D:\Traveltime_internship\project' for client Visual Studio Code 1.80.0.
Jul 11, 2023 1:35:56 PM org.flywaydb.core.internal.license.VersionPrinter printVersionOnly
INFO: Flyway Community Edition 9.16.3 by Redgate
Jul 11, 2023 1:35:56 PM org.flywaydb.core.internal.license.VersionPrinter printVersion
INFO: See release notes here: https://rd.gt/416ObMi
Jul 11, 2023 1:35:56 PM org.flywaydb.core.internal.license.VersionPrinter printVersion
INFO: 
Jul 11, 2023 1:35:56 PM org.flywaydb.core.internal.database.base.BaseDatabaseType createDatabase
INFO: Database: jdbc:h2:file:D:\Traveltime_internship\project\.metals\metals (H2 2.1)
Jul 11, 2023 1:35:56 PM org.flywaydb.core.internal.schemahistory.JdbcTableSchemaHistory allAppliedMigrations
INFO: Schema history table "PUBLIC"."flyway_schema_history" does not exist yet
Jul 11, 2023 1:35:56 PM org.flywaydb.core.internal.command.DbValidate validate
INFO: Successfully validated 4 migrations (execution time 00:00.016s)
Jul 11, 2023 1:35:56 PM org.flywaydb.core.internal.schemahistory.JdbcTableSchemaHistory create
INFO: Creating Schema History table "PUBLIC"."flyway_schema_history" ...
Jul 11, 2023 1:35:56 PM org.flywaydb.core.internal.command.DbMigrate migrateGroup
INFO: Current version of schema "PUBLIC": << Empty Schema >>
Jul 11, 2023 1:35:56 PM org.flywaydb.core.internal.command.DbMigrate doMigrateGroup
INFO: Migrating schema "PUBLIC" to version "1 - Create tables"
Jul 11, 2023 1:35:56 PM org.flywaydb.core.internal.command.DbMigrate doMigrateGroup
INFO: Migrating schema "PUBLIC" to version "2 - Server discovery"
Jul 11, 2023 1:35:56 PM org.flywaydb.core.internal.command.DbMigrate doMigrateGroup
INFO: Migrating schema "PUBLIC" to version "3 - Jar symbols"
Jul 11, 2023 1:35:56 PM org.flywaydb.core.internal.command.DbMigrate doMigrateGroup
INFO: Migrating schema "PUBLIC" to version "4 - Fingerprints"
Jul 11, 2023 1:35:56 PM org.flywaydb.core.internal.command.DbMigrate logSummary
INFO: Successfully applied 4 migrations to schema "PUBLIC", now at version v4 (execution time 00:00.058s)
2023.07.11 13:35:57 INFO  time: initialize in 0.6s
2023.07.11 13:35:57 WARN  Build server is not auto-connectable.
2023.07.11 13:35:57 WARN  no build target for: D:\Traveltime_internship\project\src\main\scala\Main.scala
2023.07.11 13:35:59 INFO  no build target found for D:\Traveltime_internship\project\src\main\scala\Main.scala. Using presentation compiler with project's scala-library version: 3.2.2
2023.07.11 13:36:01 INFO  time: code lens generation in 3.38s
2023.07.11 13:36:22 WARN  no build target for: D:\Traveltime_internship\project\src\main\scala\Main.scala
2023.07.11 13:36:39 WARN  no build target for: D:\Traveltime_internship\project\src\main\scala\MatchLocationToRegion.scala
2023.07.11 13:39:03 WARN  no build target for: D:\Traveltime_internship\project\src\main\scala\MatchLocationToRegion.scala
Jul 11, 2023 1:39:53 PM org.eclipse.lsp4j.jsonrpc.RemoteEndpoint handleCancellation
WARNING: Unmatched cancel notification for request id 71
2023.07.11 13:39:53 WARN  no build target for: D:\Traveltime_internship\project\src\main\scala\MatchLocationToRegion.scala
2023.07.11 13:39:58 WARN  no build target for: D:\Traveltime_internship\project\src\main\scala\MatchLocationToRegion.scala
2023.07.11 13:40:21 WARN  no build target for: D:\Traveltime_internship\project\src\main\scala\MatchLocationToRegion.scala
Jul 11, 2023 1:40:21 PM org.eclipse.lsp4j.jsonrpc.RemoteEndpoint fallbackResponseError
SEVERE: Internal error: scala.meta.internal.metals.debug.BuildTargetNotFoundForPathException: No build target could be found for the path: D:\Traveltime_internship\project\src\main\scala\MatchLocationToRegion.scala
java.util.concurrent.CompletionException: scala.meta.internal.metals.debug.BuildTargetNotFoundForPathException: No build target could be found for the path: D:\Traveltime_internship\project\src\main\scala\MatchLocationToRegion.scala
	at java.util.concurrent.CompletableFuture.encodeThrowable(CompletableFuture.java:292)
	at java.util.concurrent.CompletableFuture.completeThrowable(CompletableFuture.java:308)
	at java.util.concurrent.CompletableFuture.uniAccept(CompletableFuture.java:661)
	at java.util.concurrent.CompletableFuture$UniAccept.tryFire(CompletableFuture.java:646)
	at java.util.concurrent.CompletableFuture.uniAcceptStage(CompletableFuture.java:686)
	at java.util.concurrent.CompletableFuture.thenAcceptAsync(CompletableFuture.java:2014)
	at scala.concurrent.java8.FuturesConvertersImpl$CF.thenAccept(FutureConvertersImpl.scala:37)
	at org.eclipse.lsp4j.jsonrpc.RemoteEndpoint.handleRequest(RemoteEndpoint.java:279)
	at org.eclipse.lsp4j.jsonrpc.RemoteEndpoint.consume(RemoteEndpoint.java:190)
	at org.eclipse.lsp4j.jsonrpc.json.StreamMessageProducer.handleMessage(StreamMessageProducer.java:194)
	at org.eclipse.lsp4j.jsonrpc.json.StreamMessageProducer.listen(StreamMessageProducer.java:94)
	at org.eclipse.lsp4j.jsonrpc.json.ConcurrentMessageProcessor.run(ConcurrentMessageProcessor.java:113)
	at java.util.concurrent.Executors$RunnableAdapter.call(Executors.java:511)
	at java.util.concurrent.FutureTask.run(FutureTask.java:266)
	at java.util.concurrent.ThreadPoolExecutor.runWorker(ThreadPoolExecutor.java:1149)
	at java.util.concurrent.ThreadPoolExecutor$Worker.run(ThreadPoolExecutor.java:624)
	at java.lang.Thread.run(Thread.java:748)
Caused by: scala.meta.internal.metals.debug.BuildTargetNotFoundForPathException: No build target could be found for the path: D:\Traveltime_internship\project\src\main\scala\MatchLocationToRegion.scala
	at scala.meta.internal.metals.debug.DebugProvider.debugDiscovery(DebugProvider.scala:469)
	at scala.meta.internal.metals.MetalsLspService.executeCommand(MetalsLspService.scala:2031)
	at scala.meta.metals.lsp.DelegatingScalaService.executeCommand(DelegatingScalaService.scala:169)
	at sun.reflect.NativeMethodAccessorImpl.invoke0(Native Method)
	at sun.reflect.NativeMethodAccessorImpl.invoke(NativeMethodAccessorImpl.java:62)
	at sun.reflect.DelegatingMethodAccessorImpl.invoke(DelegatingMethodAccessorImpl.java:43)
	at java.lang.reflect.Method.invoke(Method.java:498)
	at org.eclipse.lsp4j.jsonrpc.services.GenericEndpoint.lambda$null$0(GenericEndpoint.java:65)
	at org.eclipse.lsp4j.jsonrpc.services.GenericEndpoint.request(GenericEndpoint.java:120)
	at org.eclipse.lsp4j.jsonrpc.RemoteEndpoint.handleRequest(RemoteEndpoint.java:261)
	... 9 more

Jul 11, 2023 1:42:07 PM org.eclipse.lsp4j.jsonrpc.RemoteEndpoint fallbackResponseError
SEVERE: Internal error: scala.meta.internal.metals.debug.BuildTargetNotFoundForPathException: No build target could be found for the path: D:\Traveltime_internship\project\src\main\scala\MatchLocationToRegion.scala
java.util.concurrent.CompletionException: scala.meta.internal.metals.debug.BuildTargetNotFoundForPathException: No build target could be found for the path: D:\Traveltime_internship\project\src\main\scala\MatchLocationToRegion.scala
	at java.util.concurrent.CompletableFuture.encodeThrowable(CompletableFuture.java:292)
	at java.util.concurrent.CompletableFuture.completeThrowable(CompletableFuture.java:308)
	at java.util.concurrent.CompletableFuture.uniAccept(CompletableFuture.java:661)
	at java.util.concurrent.CompletableFuture$UniAccept.tryFire(CompletableFuture.java:646)
	at java.util.concurrent.CompletableFuture.uniAcceptStage(CompletableFuture.java:686)
	at java.util.concurrent.CompletableFuture.thenAcceptAsync(CompletableFuture.java:2014)
	at scala.concurrent.java8.FuturesConvertersImpl$CF.thenAccept(FutureConvertersImpl.scala:37)
	at org.eclipse.lsp4j.jsonrpc.RemoteEndpoint.handleRequest(RemoteEndpoint.java:279)
	at org.eclipse.lsp4j.jsonrpc.RemoteEndpoint.consume(RemoteEndpoint.java:190)
	at org.eclipse.lsp4j.jsonrpc.json.StreamMessageProducer.handleMessage(StreamMessageProducer.java:194)
	at org.eclipse.lsp4j.jsonrpc.json.StreamMessageProducer.listen(StreamMessageProducer.java:94)
	at org.eclipse.lsp4j.jsonrpc.json.ConcurrentMessageProcessor.run(ConcurrentMessageProcessor.java:113)
	at java.util.concurrent.Executors$RunnableAdapter.call(Executors.java:511)
	at java.util.concurrent.FutureTask.run(FutureTask.java:266)
	at java.util.concurrent.ThreadPoolExecutor.runWorker(ThreadPoolExecutor.java:1149)
	at java.util.concurrent.ThreadPoolExecutor$Worker.run(ThreadPoolExecutor.java:624)
	at java.lang.Thread.run(Thread.java:748)
Caused by: scala.meta.internal.metals.debug.BuildTargetNotFoundForPathException: No build target could be found for the path: D:\Traveltime_internship\project\src\main\scala\MatchLocationToRegion.scala
	at scala.meta.internal.metals.debug.DebugProvider.debugDiscovery(DebugProvider.scala:469)
	at scala.meta.internal.metals.debug.DebugProvider.runCommandDiscovery(DebugProvider.scala:419)
	at scala.meta.internal.metals.MetalsLspService.executeCommand(MetalsLspService.scala:1859)
	at scala.meta.metals.lsp.DelegatingScalaService.executeCommand(DelegatingScalaService.scala:169)
	at sun.reflect.NativeMethodAccessorImpl.invoke0(Native Method)
	at sun.reflect.NativeMethodAccessorImpl.invoke(NativeMethodAccessorImpl.java:62)
	at sun.reflect.DelegatingMethodAccessorImpl.invoke(DelegatingMethodAccessorImpl.java:43)
	at java.lang.reflect.Method.invoke(Method.java:498)
	at org.eclipse.lsp4j.jsonrpc.services.GenericEndpoint.lambda$null$0(GenericEndpoint.java:65)
	at org.eclipse.lsp4j.jsonrpc.services.GenericEndpoint.request(GenericEndpoint.java:120)
	at org.eclipse.lsp4j.jsonrpc.RemoteEndpoint.handleRequest(RemoteEndpoint.java:261)
	... 9 more

2023.07.11 13:48:45 WARN  no build target for: D:\Traveltime_internship\project\build.sbt
2023.07.11 13:48:58 WARN  no build target for: D:\Traveltime_internship\project\build.sbt
2023.07.11 13:50:42 WARN  no build target for: D:\Traveltime_internship\project\src\main\scala\MatchLocationToRegion.scala
2023.07.11 13:51:00 WARN  no build target for: D:\Traveltime_internship\project\src\main\scala\MatchLocationToRegion.scala
2023.07.11 13:55:56 WARN  no build target for: D:\Traveltime_internship\project\build.sbt
2023.07.11 13:55:58 INFO  running 'C:\Users\laisk\AppData\Local\Coursier\cache\arc\https\github.com\AdoptOpenJDK\openjdk8-binaries\releases\download\jdk8u292-b10\OpenJDK8U-jdk_x64_windows_hotspot_8u292b10.zip\jdk8u292-b10\bin\java -Djline.terminal=jline.UnsupportedTerminal -Dsbt.log.noformat=true -Dfile.encoding=UTF-8 -jar C:\Users\laisk\AppData\Local\Temp\metals4493245506983474465\sbt-launch.jar -Dbloop.export-jar-classifiers=sources bloopInstall'
2023.07.11 13:56:00 INFO  [info] welcome to sbt 1.9.0 (AdoptOpenJDK Java 1.8.0_292)
2023.07.11 13:56:01 WARN  no build target for: D:\Traveltime_internship\project\project\metals.sbt
2023.07.11 13:56:02 INFO  [info] loading settings for project project-build-build from metals.sbt ...
2023.07.11 13:56:02 INFO  [info] loading project definition from D:\Traveltime_internship\project\project\project
2023.07.11 13:56:06 INFO  [info] loading settings for project project-build from metals.sbt ...
2023.07.11 13:56:06 INFO  [info] loading project definition from D:\Traveltime_internship\project\project
2023.07.11 13:56:12 INFO  [success] Generated .bloop\project-build.json
2023.07.11 13:56:12 INFO  [success] Total time: 6 s, completed Jul 11, 2023 1:56:12 PM
2023.07.11 13:56:14 INFO  [info] loading settings for project project from build.sbt ...
2023.07.11 13:56:14 INFO  [info] set current project to travel_time (in build file:/D:/Traveltime_internship/project/)
2023.07.11 13:56:16 INFO  [success] Generated .bloop\project.json
2023.07.11 13:56:16 INFO  [success] Generated .bloop\project-test.json
2023.07.11 13:56:16 INFO  [success] Total time: 2 s, completed Jul 11, 2023 1:56:16 PM
2023.07.11 13:56:16 INFO  time: ran 'sbt bloopInstall' in 18s
2023.07.11 13:56:16 INFO  Attempting to connect to the build server...
2023.07.11 13:56:16 INFO  Setting up current java home C:\Users\laisk\AppData\Local\Coursier\cache\arc\https\github.com\AdoptOpenJDK\openjdk8-binaries\releases\download\jdk8u292-b10\OpenJDK8U-jdk_x64_windows_hotspot_8u292b10.zip\jdk8u292-b10 in C:\Users\laisk\.bloop\bloop.json
2023.07.11 13:56:50 INFO  tracing is disabled for protocol BSP, to enable tracing of incoming and outgoing JSON messages create an empty file at D:\Traveltime_internship\project\.metals\bsp.trace.json or C:\Users\laisk\AppData\Local\scalameta\metals\cache\bsp.trace.json
2023.07.11 13:57:01 INFO  Attempting to connect to the build server...
2023.07.11 13:57:01 INFO  Bloop uses C:\Users\laisk\AppData\Local\Coursier\cache\arc\https\github.com\AdoptOpenJDK\openjdk8-binaries\releases\download\jdk8u292-b10\OpenJDK8U-jdk_x64_windows_hotspot_8u292b10.zip\jdk8u292-b10 defined at C:\Users\laisk\.bloop\bloop.json
2023.07.11 13:57:01 INFO  tracing is disabled for protocol BSP, to enable tracing of incoming and outgoing JSON messages create an empty file at D:\Traveltime_internship\project\project\.metals\bsp.trace.json or C:\Users\laisk\AppData\Local\scalameta\metals\cache\bsp.trace.json
2023.07.11 13:57:09 INFO  time: Connected to build server in 52s
2023.07.11 13:57:09 INFO  Connected to Build server: Bloop v1.5.6
2023.07.11 13:57:09 INFO  time: Imported build in 0.13s
2023.07.11 13:57:20 INFO  time: indexed workspace in 11s
2023.07.11 13:57:20 WARN  no build target for: D:\Traveltime_internship\project\project\metals.sbt
2023.07.11 13:57:21 INFO  compiling project (1 scala source)
2023.07.11 13:57:28 INFO  time: code lens generation in 6.92s
2023.07.11 13:57:28 INFO  time: code lens generation in 4.26s
2023.07.11 13:57:41 INFO  time: compiled project in 19s
2023.07.11 13:58:09 INFO  skipping build import with status 'Installed'
Jul 11, 2023 1:58:09 PM org.eclipse.lsp4j.jsonrpc.RemoteEndpoint fallbackResponseError
SEVERE: Internal error: scala.meta.internal.metals.debug.DebugProvider$NoRunOptionException$: There is nothing to run or test in the current file.
java.util.concurrent.CompletionException: scala.meta.internal.metals.debug.DebugProvider$NoRunOptionException$: There is nothing to run or test in the current file.
	at java.util.concurrent.CompletableFuture.encodeThrowable(CompletableFuture.java:292)
	at java.util.concurrent.CompletableFuture.completeThrowable(CompletableFuture.java:308)
	at java.util.concurrent.CompletableFuture.uniAccept(CompletableFuture.java:661)
	at java.util.concurrent.CompletableFuture$UniAccept.tryFire(CompletableFuture.java:646)
	at java.util.concurrent.CompletableFuture.uniAcceptStage(CompletableFuture.java:686)
	at java.util.concurrent.CompletableFuture.thenAcceptAsync(CompletableFuture.java:2014)
	at scala.concurrent.java8.FuturesConvertersImpl$CF.thenAccept(FutureConvertersImpl.scala:37)
	at org.eclipse.lsp4j.jsonrpc.RemoteEndpoint.handleRequest(RemoteEndpoint.java:279)
	at org.eclipse.lsp4j.jsonrpc.RemoteEndpoint.consume(RemoteEndpoint.java:190)
	at org.eclipse.lsp4j.jsonrpc.json.StreamMessageProducer.handleMessage(StreamMessageProducer.java:194)
	at org.eclipse.lsp4j.jsonrpc.json.StreamMessageProducer.listen(StreamMessageProducer.java:94)
	at org.eclipse.lsp4j.jsonrpc.json.ConcurrentMessageProcessor.run(ConcurrentMessageProcessor.java:113)
	at java.util.concurrent.Executors$RunnableAdapter.call(Executors.java:511)
	at java.util.concurrent.FutureTask.run(FutureTask.java:266)
	at java.util.concurrent.ThreadPoolExecutor.runWorker(ThreadPoolExecutor.java:1149)
	at java.util.concurrent.ThreadPoolExecutor$Worker.run(ThreadPoolExecutor.java:624)
	at java.lang.Thread.run(Thread.java:748)
Caused by: scala.meta.internal.metals.debug.DebugProvider$NoRunOptionException$: There is nothing to run or test in the current file.
	at scala.meta.internal.metals.debug.DebugProvider$NoRunOptionException$.<clinit>(DebugProvider.scala:920)
	at scala.meta.internal.metals.debug.DebugProvider.$anonfun$resolveInFile$2(DebugProvider.scala:370)
	at scala.Option.fold(Option.scala:263)
	at scala.meta.internal.metals.debug.DebugProvider.resolveInFile(DebugProvider.scala:341)
	at scala.meta.internal.metals.debug.DebugProvider.debugDiscovery(DebugProvider.scala:475)
	at scala.meta.internal.metals.MetalsLspService.executeCommand(MetalsLspService.scala:2031)
	at scala.meta.metals.lsp.DelegatingScalaService.executeCommand(DelegatingScalaService.scala:169)
	at sun.reflect.NativeMethodAccessorImpl.invoke0(Native Method)
	at sun.reflect.NativeMethodAccessorImpl.invoke(NativeMethodAccessorImpl.java:62)
	at sun.reflect.DelegatingMethodAccessorImpl.invoke(DelegatingMethodAccessorImpl.java:43)
	at java.lang.reflect.Method.invoke(Method.java:498)
	at org.eclipse.lsp4j.jsonrpc.services.GenericEndpoint.lambda$null$0(GenericEndpoint.java:65)
	at org.eclipse.lsp4j.jsonrpc.services.GenericEndpoint.request(GenericEndpoint.java:120)
	at org.eclipse.lsp4j.jsonrpc.RemoteEndpoint.handleRequest(RemoteEndpoint.java:261)
	... 9 more

Jul 11, 2023 1:58:19 PM org.eclipse.lsp4j.jsonrpc.RemoteEndpoint fallbackResponseError
SEVERE: Internal error: scala.meta.internal.metals.debug.DebugProvider$NoRunOptionException$: There is nothing to run or test in the current file.
java.util.concurrent.CompletionException: scala.meta.internal.metals.debug.DebugProvider$NoRunOptionException$: There is nothing to run or test in the current file.
	at java.util.concurrent.CompletableFuture.encodeThrowable(CompletableFuture.java:292)
	at java.util.concurrent.CompletableFuture.completeThrowable(CompletableFuture.java:308)
	at java.util.concurrent.CompletableFuture.uniAccept(CompletableFuture.java:661)
	at java.util.concurrent.CompletableFuture$UniAccept.tryFire(CompletableFuture.java:646)
	at java.util.concurrent.CompletableFuture.uniAcceptStage(CompletableFuture.java:686)
	at java.util.concurrent.CompletableFuture.thenAcceptAsync(CompletableFuture.java:2014)
	at scala.concurrent.java8.FuturesConvertersImpl$CF.thenAccept(FutureConvertersImpl.scala:37)
	at org.eclipse.lsp4j.jsonrpc.RemoteEndpoint.handleRequest(RemoteEndpoint.java:279)
	at org.eclipse.lsp4j.jsonrpc.RemoteEndpoint.consume(RemoteEndpoint.java:190)
	at org.eclipse.lsp4j.jsonrpc.json.StreamMessageProducer.handleMessage(StreamMessageProducer.java:194)
	at org.eclipse.lsp4j.jsonrpc.json.StreamMessageProducer.listen(StreamMessageProducer.java:94)
	at org.eclipse.lsp4j.jsonrpc.json.ConcurrentMessageProcessor.run(ConcurrentMessageProcessor.java:113)
	at java.util.concurrent.Executors$RunnableAdapter.call(Executors.java:511)
	at java.util.concurrent.FutureTask.run(FutureTask.java:266)
	at java.util.concurrent.ThreadPoolExecutor.runWorker(ThreadPoolExecutor.java:1149)
	at java.util.concurrent.ThreadPoolExecutor$Worker.run(ThreadPoolExecutor.java:624)
	at java.lang.Thread.run(Thread.java:748)
Caused by: scala.meta.internal.metals.debug.DebugProvider$NoRunOptionException$: There is nothing to run or test in the current file.
	at scala.meta.internal.metals.debug.DebugProvider$NoRunOptionException$.<clinit>(DebugProvider.scala:920)
	at scala.meta.internal.metals.debug.DebugProvider.$anonfun$resolveInFile$2(DebugProvider.scala:370)
	at scala.Option.fold(Option.scala:263)
	at scala.meta.internal.metals.debug.DebugProvider.resolveInFile(DebugProvider.scala:341)
	at scala.meta.internal.metals.debug.DebugProvider.debugDiscovery(DebugProvider.scala:475)
	at scala.meta.internal.metals.MetalsLspService.executeCommand(MetalsLspService.scala:2031)
	at scala.meta.metals.lsp.DelegatingScalaService.executeCommand(DelegatingScalaService.scala:169)
	at sun.reflect.NativeMethodAccessorImpl.invoke0(Native Method)
	at sun.reflect.NativeMethodAccessorImpl.invoke(NativeMethodAccessorImpl.java:62)
	at sun.reflect.DelegatingMethodAccessorImpl.invoke(DelegatingMethodAccessorImpl.java:43)
	at java.lang.reflect.Method.invoke(Method.java:498)
	at org.eclipse.lsp4j.jsonrpc.services.GenericEndpoint.lambda$null$0(GenericEndpoint.java:65)
	at org.eclipse.lsp4j.jsonrpc.services.GenericEndpoint.request(GenericEndpoint.java:120)
	at org.eclipse.lsp4j.jsonrpc.RemoteEndpoint.handleRequest(RemoteEndpoint.java:261)
	... 9 more

2023.07.11 13:58:43 INFO  Configured debugger context in 1 second
2023.07.11 13:58:43 INFO  tracing is disabled for protocol dap-server, to enable tracing of incoming and outgoing JSON messages create an empty file at D:\Traveltime_internship\project\.metals\dap-server.trace.json or C:\Users\laisk\AppData\Local\scalameta\metals\cache\dap-server.trace.json
2023.07.11 13:58:43 INFO  tracing is disabled for protocol dap-client, to enable tracing of incoming and outgoing JSON messages create an empty file at D:\Traveltime_internship\project\.metals\dap-client.trace.json or C:\Users\laisk\AppData\Local\scalameta\metals\cache\dap-client.trace.json
2023.07.11 13:58:43 INFO  Starting debug proxy for [MatchLocationToRegion]
2023.07.11 13:58:43 INFO  Trying to attach to remote debuggee VM 127.0.0.1:58050 .
2023.07.11 13:58:43 INFO  Attaching to debuggee VM succeeded.
2023.07.11 13:58:43 ERROR Exception in thread "main" java.lang.ArrayIndexOutOfBoundsException: 0
2023.07.11 13:58:43 ERROR 	at MatchLocationToRegion$.main(MatchLocationToRegion.scala:13)
2023.07.11 13:58:43 ERROR 	at MatchLocationToRegion.main(MatchLocationToRegion.scala)
2023.07.11 13:58:43 INFO  Closing debug server tcp://0.0.0.0:58046
Jul 11, 2023 1:58:43 PM org.eclipse.lsp4j.jsonrpc.json.StreamMessageProducer fireError
SEVERE: java.net.SocketException: Software caused connection abort: socket write error
org.eclipse.lsp4j.jsonrpc.JsonRpcException: java.net.SocketException: Software caused connection abort: socket write error
	at org.eclipse.lsp4j.jsonrpc.json.StreamMessageConsumer.consume(StreamMessageConsumer.java:72)
	at scala.meta.internal.metals.debug.SocketEndpoint.consume(SocketEndpoint.scala:22)
	at scala.meta.internal.metals.debug.MessageIdAdapter.consume(MessageIdAdapter.scala:43)
	at scala.meta.internal.metals.debug.ServerAdapter.send(ServerAdapter.scala:30)
	at scala.meta.internal.metals.debug.DebugProxy.$anonfun$handleClientMessage$1(DebugProxy.scala:152)
	at scala.meta.internal.metals.debug.MessageIdAdapter.$anonfun$listen$1(MessageIdAdapter.scala:57)
	at org.eclipse.lsp4j.jsonrpc.json.StreamMessageProducer.handleMessage(StreamMessageProducer.java:194)
	at org.eclipse.lsp4j.jsonrpc.json.StreamMessageProducer.listen(StreamMessageProducer.java:94)
	at scala.meta.internal.metals.debug.SocketEndpoint.listen(SocketEndpoint.scala:26)
	at scala.meta.internal.metals.debug.MessageIdAdapter.listen(MessageIdAdapter.scala:47)
	at scala.meta.internal.metals.debug.DebugProxy.$anonfun$listenToClient$1(DebugProxy.scala:68)
	at scala.runtime.java8.JFunction0$mcV$sp.apply(JFunction0$mcV$sp.scala:18)
	at scala.concurrent.Future$.$anonfun$apply$1(Future.scala:678)
	at scala.concurrent.impl.Promise$Transformation.run(Promise.scala:467)
	at java.util.concurrent.ThreadPoolExecutor.runWorker(ThreadPoolExecutor.java:1149)
	at java.util.concurrent.ThreadPoolExecutor$Worker.run(ThreadPoolExecutor.java:624)
	at java.lang.Thread.run(Thread.java:748)
Caused by: java.net.SocketException: Software caused connection abort: socket write error
	at java.net.SocketOutputStream.socketWrite0(Native Method)
	at java.net.SocketOutputStream.socketWrite(SocketOutputStream.java:111)
	at java.net.SocketOutputStream.write(SocketOutputStream.java:155)
	at java.io.BufferedOutputStream.flushBuffer(BufferedOutputStream.java:82)
	at java.io.BufferedOutputStream.flush(BufferedOutputStream.java:140)
	at org.eclipse.lsp4j.jsonrpc.json.StreamMessageConsumer.consume(StreamMessageConsumer.java:69)
	... 16 more

2023.07.11 13:58:43 INFO  Canceling debug proxy for [MatchLocationToRegion]
2023.07.11 13:58:53 INFO  Deduplicating compilation of project from bsp client 'Metals 0.11.12' (since 2m 2.409s)
2023.07.11 13:58:58 INFO  Configured debugger context in 1 second
2023.07.11 13:58:58 INFO  tracing is disabled for protocol dap-server, to enable tracing of incoming and outgoing JSON messages create an empty file at D:\Traveltime_internship\project\.metals\dap-server.trace.json or C:\Users\laisk\AppData\Local\scalameta\metals\cache\dap-server.trace.json
2023.07.11 13:58:58 INFO  tracing is disabled for protocol dap-client, to enable tracing of incoming and outgoing JSON messages create an empty file at D:\Traveltime_internship\project\.metals\dap-client.trace.json or C:\Users\laisk\AppData\Local\scalameta\metals\cache\dap-client.trace.json
2023.07.11 13:58:58 INFO  Starting debug proxy for [MatchLocationToRegion]
2023.07.11 13:58:58 INFO  Trying to attach to remote debuggee VM 127.0.0.1:58067 .
2023.07.11 13:58:58 INFO  Attaching to debuggee VM succeeded.
2023.07.11 13:58:58 ERROR Exception in thread "main" java.lang.ArrayIndexOutOfBoundsException: 0
2023.07.11 13:58:58 ERROR 	at MatchLocationToRegion$.main(MatchLocationToRegion.scala:13)
2023.07.11 13:58:58 ERROR 	at MatchLocationToRegion.main(MatchLocationToRegion.scala)
2023.07.11 13:58:58 INFO  Canceling debug proxy for [MatchLocationToRegion]
2023.07.11 13:58:58 INFO  Closing debug server tcp://0.0.0.0:58065
2023.07.11 14:01:13 INFO  Deduplicating compilation of project from bsp client 'Metals 0.11.12' (since 4m 23.28s)
2023.07.11 14:01:19 INFO  Configured debugger context in 1 second
2023.07.11 14:01:19 INFO  tracing is disabled for protocol dap-server, to enable tracing of incoming and outgoing JSON messages create an empty file at D:\Traveltime_internship\project\.metals\dap-server.trace.json or C:\Users\laisk\AppData\Local\scalameta\metals\cache\dap-server.trace.json
2023.07.11 14:01:19 INFO  tracing is disabled for protocol dap-client, to enable tracing of incoming and outgoing JSON messages create an empty file at D:\Traveltime_internship\project\.metals\dap-client.trace.json or C:\Users\laisk\AppData\Local\scalameta\metals\cache\dap-client.trace.json
2023.07.11 14:01:19 INFO  Starting debug proxy for [MatchLocationToRegion]
2023.07.11 14:01:19 INFO  Trying to attach to remote debuggee VM 127.0.0.1:58149 .
2023.07.11 14:01:19 INFO  Attaching to debuggee VM succeeded.
2023.07.11 14:01:19 ERROR Exception in thread "main" java.lang.ArrayIndexOutOfBoundsException: 0
2023.07.11 14:01:19 ERROR 	at MatchLocationToRegion$.main(MatchLocationToRegion.scala:13)
2023.07.11 14:01:19 ERROR 	at MatchLocationToRegion.main(MatchLocationToRegion.scala)
2023.07.11 14:01:19 INFO  Canceling debug proxy for [MatchLocationToRegion]
2023.07.11 14:01:19 INFO  Closing debug server tcp://0.0.0.0:58146
Jul 11, 2023 2:17:22 PM scala.meta.internal.pc.CompilerAccess handleError
SEVERE: Illegal char <:> at index 3: jar:file:///C:/Users/laisk/AppData/Local/Coursier/cache/v1/https/repo1.maven.org/maven2/org/scala-lang/scala-library/2.13.8/scala-library-2.13.8-sources.jar!/scala/collection/immutable/List.scala
java.nio.file.InvalidPathException: Illegal char <:> at index 3: jar:file:///C:/Users/laisk/AppData/Local/Coursier/cache/v1/https/repo1.maven.org/maven2/org/scala-lang/scala-library/2.13.8/scala-library-2.13.8-sources.jar!/scala/collection/immutable/List.scala
	at sun.nio.fs.WindowsPathParser.normalize(WindowsPathParser.java:182)
	at sun.nio.fs.WindowsPathParser.parse(WindowsPathParser.java:153)
	at sun.nio.fs.WindowsPathParser.parse(WindowsPathParser.java:77)
	at sun.nio.fs.WindowsPath.parse(WindowsPath.java:94)
	at sun.nio.fs.WindowsFileSystem.getPath(WindowsFileSystem.java:255)
	at java.nio.file.Paths.get(Paths.java:84)
	at scala.meta.io.AbsolutePath$.apply(AbsolutePath.scala:60)
	at scala.meta.internal.metals.MetalsSymbolSearch.$anonfun$definitionSourceToplevels$2(MetalsSymbolSearch.scala:61)
	at scala.Option.map(Option.scala:242)
	at scala.meta.internal.metals.MetalsSymbolSearch.definitionSourceToplevels(MetalsSymbolSearch.scala:60)
	at scala.meta.internal.pc.completions.MatchCaseCompletions.scala$meta$internal$pc$completions$MatchCaseCompletions$$sortSubclasses(MatchCaseCompletions.scala:363)
	at scala.meta.internal.pc.completions.MatchCaseCompletions$MatchKeywordCompletion.contribute(MatchCaseCompletions.scala:300)
	at scala.meta.internal.pc.CompletionProvider.filterInteresting(CompletionProvider.scala:343)
	at scala.meta.internal.pc.CompletionProvider.safeCompletionsAt(CompletionProvider.scala:477)
	at scala.meta.internal.pc.CompletionProvider.completions(CompletionProvider.scala:58)

2023.07.11 14:18:42 INFO  compiling project (1 scala source)
2023.07.11 14:18:42 INFO  time: compiled project in 0.74s
2023.07.11 14:20:02 INFO  compiling project (1 scala source)
2023.07.11 14:20:02 INFO  time: compiled project in 0.51s
Jul 11, 2023 2:22:44 PM org.eclipse.lsp4j.jsonrpc.RemoteEndpoint handleCancellation
WARNING: Unmatched cancel notification for request id 994
2023.07.11 14:22:47 INFO  compiling project (1 scala source)
2023.07.11 14:22:47 INFO  time: compiled project in 0.42s
2023.07.11 14:23:09 INFO  compiling project (1 scala source)
2023.07.11 14:23:10 INFO  time: compiled project in 1.5s
something's wrong: no file:///D:/Traveltime_internship/project/src/main/scala/MatchLocationToRegion.scala in List[<error>]RangePosition(file:///D:/Traveltime_internship/project/src/main/scala/MatchLocationToRegion.scala, 1704, 1704, 1718)
something's wrong: no file:///D:/Traveltime_internship/project/src/main/scala/MatchLocationToRegion.scala in List[<error>]RangePosition(file:///D:/Traveltime_internship/project/src/main/scala/MatchLocationToRegion.scala, 1704, 1704, 1711)
something's wrong: no file:///D:/Traveltime_internship/project/src/main/scala/MatchLocationToRegion.scala in List[<error>]RangePosition(file:///D:/Traveltime_internship/project/src/main/scala/MatchLocationToRegion.scala, 1704, 1704, 1714)
something's wrong: no file:///D:/Traveltime_internship/project/src/main/scala/MatchLocationToRegion.scala in List[<error>]RangePosition(file:///D:/Traveltime_internship/project/src/main/scala/MatchLocationToRegion.scala, 1709, 1709, 1723)
something's wrong: no file:///D:/Traveltime_internship/project/src/main/scala/MatchLocationToRegion.scala in List[<error>]RangePosition(file:///D:/Traveltime_internship/project/src/main/scala/MatchLocationToRegion.scala, 1709, 1709, 1716)
something's wrong: no file:///D:/Traveltime_internship/project/src/main/scala/MatchLocationToRegion.scala in List[<error>]RangePosition(file:///D:/Traveltime_internship/project/src/main/scala/MatchLocationToRegion.scala, 1709, 1709, 1717)
something's wrong: no file:///D:/Traveltime_internship/project/src/main/scala/MatchLocationToRegion.scala in List[<error>]RangePosition(file:///D:/Traveltime_internship/project/src/main/scala/MatchLocationToRegion.scala, 1709, 1709, 1719)
something's wrong: no file:///D:/Traveltime_internship/project/src/main/scala/MatchLocationToRegion.scala in List[Double]RangePosition(file:///D:/Traveltime_internship/project/src/main/scala/MatchLocationToRegion.scala, 1709, 1709, 1721)
something's wrong: no file:///D:/Traveltime_internship/project/src/main/scala/MatchLocationToRegion.scala in List[Double]RangePosition(file:///D:/Traveltime_internship/project/src/main/scala/MatchLocationToRegion.scala, 1709, 1709, 1721)
something's wrong: no file:///D:/Traveltime_internship/project/src/main/scala/MatchLocationToRegion.scala in List[Double]RangePosition(file:///D:/Traveltime_internship/project/src/main/scala/MatchLocationToRegion.scala, 1709, 1709, 1721)
2023.07.11 14:24:53 INFO  compiling project (1 scala source)
2023.07.11 14:24:55 INFO  time: compiled project in 1.35s
2023.07.11 14:32:54 INFO  compiling project (1 scala source)
2023.07.11 14:32:56 INFO  time: compiled project in 1.32s
2023.07.11 14:34:54 INFO  compiling project (1 scala source)
2023.07.11 14:34:56 INFO  time: compiled project in 1.27s
2023.07.11 14:38:44 INFO  compiling project (1 scala source)
2023.07.11 14:38:44 INFO  time: compiled project in 0.28s
2023.07.11 14:39:26 INFO  compiling project (1 scala source)
2023.07.11 14:39:26 INFO  time: compiled project in 0.23s
2023.07.11 14:40:26 INFO  compiling project (1 scala source)
2023.07.11 14:40:26 INFO  time: compiled project in 0.25s
2023.07.11 14:40:34 INFO  compiling project (1 scala source)
2023.07.11 14:40:34 INFO  time: compiled project in 0.27s
2023.07.11 14:40:42 INFO  compiling project (1 scala source)
2023.07.11 14:40:42 INFO  time: compiled project in 0.25s
2023.07.11 14:41:25 INFO  compiling project (1 scala source)
2023.07.11 14:41:25 INFO  time: compiled project in 0.13s
2023.07.11 14:41:32 INFO  compiling project (1 scala source)
2023.07.11 14:41:32 INFO  time: compiled project in 0.23s
Jul 11, 2023 2:41:42 PM org.eclipse.lsp4j.jsonrpc.RemoteEndpoint handleCancellation
WARNING: Unmatched cancel notification for request id 2179
Jul 11, 2023 2:41:50 PM org.eclipse.lsp4j.jsonrpc.RemoteEndpoint handleCancellation
WARNING: Unmatched cancel notification for request id 2247
2023.07.11 14:41:56 INFO  compiling project (1 scala source)
2023.07.11 14:41:57 INFO  time: compiled project in 1.08s
Jul 11, 2023 2:45:20 PM org.eclipse.lsp4j.jsonrpc.RemoteEndpoint handleCancellation
WARNING: Unmatched cancel notification for request id 2388
2023.07.11 14:45:35 INFO  compiling project (1 scala source)
2023.07.11 14:45:36 INFO  time: compiled project in 1.08s
2023.07.11 14:47:59 INFO  compiling project (1 scala source)
2023.07.11 14:48:00 INFO  time: compiled project in 1.48s
2023.07.11 14:48:21 INFO  compiling project (1 scala source)
2023.07.11 14:48:21 INFO  time: compiled project in 0.27s
2023.07.11 14:48:24 WARN  Could not load snapshot text for D:\Traveltime_internship\project\src\main\scala\MatchLocationToRegion.scala
2023.07.11 14:48:25 WARN  Could not load snapshot text for D:\Traveltime_internship\project\src\main\scala\MatchLocationToRegion.scala
2023.07.11 14:48:25 WARN  Could not load snapshot text for D:\Traveltime_internship\project\src\main\scala\MatchLocationToRegion.scala
2023.07.11 14:48:26 WARN  Could not load snapshot text for D:\Traveltime_internship\project\src\main\scala\MatchLocationToRegion.scala
2023.07.11 14:48:27 WARN  Could not load snapshot text for D:\Traveltime_internship\project\src\main\scala\MatchLocationToRegion.scala
2023.07.11 14:48:27 INFO  compiling project (1 scala source)
2023.07.11 14:48:27 INFO  time: compiled project in 0.21s
2023.07.11 14:48:30 WARN  Could not load snapshot text for D:\Traveltime_internship\project\src\main\scala\MatchLocationToRegion.scala
2023.07.11 14:48:30 WARN  Could not load snapshot text for D:\Traveltime_internship\project\src\main\scala\MatchLocationToRegion.scala
2023.07.11 14:48:47 WARN  Could not load snapshot text for D:\Traveltime_internship\project\src\main\scala\MatchLocationToRegion.scala
2023.07.11 14:48:49 WARN  Could not load snapshot text for D:\Traveltime_internship\project\src\main\scala\MatchLocationToRegion.scala
2023.07.11 14:48:50 WARN  Could not load snapshot text for D:\Traveltime_internship\project\src\main\scala\MatchLocationToRegion.scala
2023.07.11 14:48:51 WARN  Could not load snapshot text for D:\Traveltime_internship\project\src\main\scala\MatchLocationToRegion.scala
2023.07.11 14:48:52 WARN  Could not load snapshot text for D:\Traveltime_internship\project\src\main\scala\MatchLocationToRegion.scala
2023.07.11 14:48:54 WARN  Could not load snapshot text for D:\Traveltime_internship\project\src\main\scala\MatchLocationToRegion.scala
2023.07.11 14:48:55 WARN  Could not load snapshot text for D:\Traveltime_internship\project\src\main\scala\MatchLocationToRegion.scala
2023.07.11 14:48:57 WARN  Could not load snapshot text for D:\Traveltime_internship\project\src\main\scala\MatchLocationToRegion.scala
2023.07.11 14:48:57 INFO  compiling project (1 scala source)
2023.07.11 14:48:59 INFO  time: compiled project in 1.03s
2023.07.11 14:50:00 INFO  compiling project (1 scala source)
2023.07.11 14:50:01 INFO  time: compiled project in 1.04s
2023.07.11 14:51:04 INFO  compiling project (1 scala source)
2023.07.11 14:51:05 INFO  time: compiled project in 1.02s
2023.07.11 14:51:07 INFO  compiling project (1 scala source)
2023.07.11 14:51:08 INFO  time: compiled project in 1.08s
2023.07.11 15:02:36 INFO  compiling project (1 scala source)
2023.07.11 15:02:36 INFO  time: compiled project in 0.19s
2023.07.11 15:02:39 WARN  Could not load snapshot text for D:\Traveltime_internship\project\src\main\scala\MatchLocationToRegion.scala
2023.07.11 15:02:53 WARN  Could not load snapshot text for D:\Traveltime_internship\project\src\main\scala\MatchLocationToRegion.scala
2023.07.11 15:02:55 WARN  Could not load snapshot text for D:\Traveltime_internship\project\src\main\scala\MatchLocationToRegion.scala
2023.07.11 15:02:55 INFO  compiling project (1 scala source)
2023.07.11 15:02:55 INFO  time: compiled project in 0.96s
2023.07.11 15:04:09 INFO  compiling project (1 scala source)
2023.07.11 15:04:10 INFO  time: compiled project in 1.01s
2023.07.11 15:05:52 INFO  compiling project (1 scala source)
2023.07.11 15:05:53 INFO  time: compiled project in 1.06s
Jul 11, 2023 3:06:20 PM scala.meta.internal.pc.CompletionProvider expected$1
WARNING: String index out of range: -1
2023.07.11 15:06:25 INFO  compiling project (1 scala source)
2023.07.11 15:06:26 INFO  time: compiled project in 1.01s
2023.07.11 15:07:01 INFO  compiling project (1 scala source)
2023.07.11 15:07:01 INFO  time: compiled project in 0.98s
Jul 11, 2023 3:08:09 PM org.eclipse.lsp4j.jsonrpc.RemoteEndpoint handleCancellation
WARNING: Unmatched cancel notification for request id 3203
2023.07.11 15:09:28 INFO  compiling project (1 scala source)
2023.07.11 15:09:29 INFO  time: compiled project in 1.04s
2023.07.11 15:09:56 INFO  compiling project (1 scala source)
2023.07.11 15:09:57 INFO  time: compiled project in 1.03s
2023.07.11 15:10:25 INFO  compiling project (1 scala source)
2023.07.11 15:10:26 INFO  time: compiled project in 1.17s
2023.07.11 15:12:26 INFO  compiling project (1 scala source)
2023.07.11 15:12:26 INFO  time: compiled project in 0.94s
2023.07.11 15:13:53 INFO  compiling project (1 scala source)
2023.07.11 15:13:54 INFO  time: compiled project in 1.32s
2023.07.11 15:15:19 INFO  compiling project (1 scala source)
2023.07.11 15:15:20 INFO  time: compiled project in 1.04s
2023.07.11 15:16:43 INFO  compiling project (1 scala source)
2023.07.11 15:16:45 INFO  time: compiled project in 1.73s
2023.07.11 15:17:28 INFO  compiling project (1 scala source)
2023.07.11 15:17:29 INFO  time: compiled project in 1.17s
2023.07.11 15:19:22 INFO  compiling project (1 scala source)
2023.07.11 15:19:23 INFO  time: compiled project in 1.23s
2023.07.11 15:28:48 INFO  compiling project (1 scala source)
2023.07.11 15:28:49 INFO  time: compiled project in 1.14s
2023.07.11 15:29:05 INFO  compiling project (1 scala source)
2023.07.11 15:29:05 INFO  time: compiled project in 0.94s
2023.07.11 15:33:41 INFO  compiling project (1 scala source)
2023.07.11 15:33:43 INFO  time: compiled project in 1.01s
2023.07.11 15:34:23 INFO  compiling project (1 scala source)
2023.07.11 15:34:23 INFO  time: compiled project in 0.99s
2023.07.11 15:35:20 INFO  compiling project (1 scala source)
2023.07.11 15:35:22 INFO  time: compiled project in 1.24s
2023.07.11 15:35:24 INFO  compiling project (1 scala source)
2023.07.11 15:35:25 INFO  time: compiled project in 1.16s
2023.07.11 15:40:20 INFO  compiling project (1 scala source)
2023.07.11 15:40:21 INFO  time: compiled project in 1.07s
2023.07.11 15:40:45 INFO  compiling project (1 scala source)
2023.07.11 15:40:46 INFO  time: compiled project in 1s
2023.07.11 15:43:21 INFO  compiling project (1 scala source)
2023.07.11 15:43:22 INFO  time: compiled project in 1.07s
2023.07.11 15:45:07 INFO  compiling project (1 scala source)
2023.07.11 15:45:08 INFO  time: compiled project in 1.06s
Jul 11, 2023 3:47:37 PM org.eclipse.lsp4j.jsonrpc.RemoteEndpoint handleCancellation
WARNING: Unmatched cancel notification for request id 4294
2023.07.11 15:48:00 INFO  compiling project (1 scala source)
2023.07.11 15:48:00 INFO  time: compiled project in 0.17s
2023.07.11 15:48:11 INFO  compiling project (1 scala source)
2023.07.11 15:48:11 INFO  time: compiled project in 0.17s
2023.07.11 15:48:51 INFO  compiling project (1 scala source)
2023.07.11 15:48:51 INFO  time: compiled project in 0.18s
2023.07.11 15:50:42 INFO  compiling project (1 scala source)
2023.07.11 15:50:43 INFO  time: compiled project in 1.04s
2023.07.11 15:50:57 INFO  compiling project (1 scala source)
2023.07.11 15:50:58 INFO  time: compiled project in 1.47s
2023.07.11 16:14:17 INFO  compiling project (1 scala source)
2023.07.11 16:14:18 INFO  time: compiled project in 1.24s
2023.07.11 16:15:49 INFO  compiling project (1 scala source)
2023.07.11 16:15:50 INFO  time: compiled project in 1.07s
2023.07.11 16:17:43 INFO  compiling project (1 scala source)
2023.07.11 16:17:44 INFO  time: compiled project in 1.04s
2023.07.11 16:18:59 INFO  compiling project (1 scala source)
2023.07.11 16:19:00 INFO  time: compiled project in 1.06s
Jul 11, 2023 4:19:21 PM org.eclipse.lsp4j.jsonrpc.RemoteEndpoint handleCancellation
WARNING: Unmatched cancel notification for request id 5046
2023.07.11 16:19:46 INFO  compiling project (1 scala source)
2023.07.11 16:19:46 INFO  time: compiled project in 0.17s
2023.07.11 16:21:00 INFO  compiling project (1 scala source)
2023.07.11 16:21:00 INFO  time: compiled project in 0.17s
2023.07.11 16:21:03 INFO  compiling project (1 scala source)
2023.07.11 16:21:03 INFO  time: compiled project in 0.17s
2023.07.11 16:21:05 INFO  compiling project (1 scala source)
2023.07.11 16:21:05 INFO  time: compiled project in 0.17s
2023.07.11 16:21:17 INFO  compiling project (1 scala source)
2023.07.11 16:21:17 INFO  time: compiled project in 0.17s
2023.07.11 16:21:20 INFO  compiling project (1 scala source)
2023.07.11 16:21:20 INFO  time: compiled project in 0.19s
2023.07.11 16:21:40 INFO  compiling project (1 scala source)
2023.07.11 16:21:40 INFO  time: compiled project in 0.17s
2023.07.11 16:24:06 INFO  compiling project (1 scala source)
2023.07.11 16:24:06 INFO  time: compiled project in 0.27s
2023.07.11 16:24:09 INFO  compiling project (1 scala source)
2023.07.11 16:24:10 INFO  time: compiled project in 1.02s
2023.07.11 16:24:53 INFO  compiling project (1 scala source)
2023.07.11 16:24:53 INFO  time: compiled project in 0.95s
2023.07.11 16:26:00 INFO  compiling project (1 scala source)
2023.07.11 16:26:00 INFO  time: compiled project in 0.22s
2023.07.11 16:26:42 INFO  compiling project (1 scala source)
2023.07.11 16:26:42 INFO  time: compiled project in 0.2s
2023.07.11 16:27:07 INFO  compiling project (1 scala source)
2023.07.11 16:27:07 INFO  time: compiled project in 0.2s
2023.07.11 16:27:10 INFO  compiling project (1 scala source)
2023.07.11 16:27:10 INFO  time: compiled project in 0.2s
2023.07.11 16:27:22 INFO  compiling project (1 scala source)
2023.07.11 16:27:22 INFO  time: compiled project in 0.19s
2023.07.11 16:27:27 INFO  compiling project (1 scala source)
2023.07.11 16:27:27 INFO  time: compiled project in 0.22s
2023.07.11 16:27:33 INFO  compiling project (1 scala source)
2023.07.11 16:27:33 INFO  time: compiled project in 0.2s
2023.07.11 16:27:38 INFO  compiling project (1 scala source)
2023.07.11 16:27:38 INFO  time: compiled project in 0.19s
2023.07.11 16:27:45 INFO  compiling project (1 scala source)
2023.07.11 16:27:45 INFO  time: compiled project in 0.19s
2023.07.11 16:27:54 INFO  compiling project (1 scala source)
2023.07.11 16:27:54 INFO  time: compiled project in 0.2s
2023.07.11 16:27:58 INFO  compiling project (1 scala source)
2023.07.11 16:27:58 INFO  time: compiled project in 0.21s
2023.07.11 16:28:00 INFO  compiling project (1 scala source)
2023.07.11 16:28:00 INFO  time: compiled project in 0.2s
2023.07.11 16:28:07 INFO  compiling project (1 scala source)
2023.07.11 16:28:07 INFO  time: compiled project in 0.21s
2023.07.11 16:28:10 INFO  compiling project (1 scala source)
2023.07.11 16:28:10 INFO  time: compiled project in 0.23s
2023.07.11 16:28:19 INFO  compiling project (1 scala source)
2023.07.11 16:28:19 INFO  time: compiled project in 0.2s
2023.07.11 16:28:22 INFO  compiling project (1 scala source)
2023.07.11 16:28:22 INFO  time: compiled project in 0.19s
2023.07.11 16:28:33 INFO  compiling project (1 scala source)
2023.07.11 16:28:33 INFO  time: compiled project in 0.22s
2023.07.11 16:28:34 INFO  compiling project (1 scala source)
2023.07.11 16:28:34 INFO  time: compiled project in 0.15s
2023.07.11 16:28:38 INFO  compiling project (1 scala source)
2023.07.11 16:28:38 INFO  time: compiled project in 0.19s
2023.07.11 16:28:43 INFO  compiling project (1 scala source)
2023.07.11 16:28:43 INFO  time: compiled project in 0.2s
2023.07.11 16:29:43 INFO  compiling project (1 scala source)
2023.07.11 16:29:44 INFO  time: compiled project in 1.01s
2023.07.11 16:30:11 INFO  compiling project (1 scala source)
2023.07.11 16:30:11 WARN  Could not load snapshot text for D:\Traveltime_internship\project\src\main\scala\MatchLocationToRegion.scala
2023.07.11 16:30:11 INFO  time: compiled project in 0.2s
2023.07.11 16:30:13 WARN  Could not load snapshot text for D:\Traveltime_internship\project\src\main\scala\MatchLocationToRegion.scala
2023.07.11 16:30:16 INFO  compiling project (1 scala source)
2023.07.11 16:30:16 WARN  Could not load snapshot text for D:\Traveltime_internship\project\src\main\scala\MatchLocationToRegion.scala
2023.07.11 16:30:16 INFO  time: compiled project in 0.95s
2023.07.11 16:30:19 INFO  compiling project (1 scala source)
2023.07.11 16:30:19 INFO  time: compiled project in 0.16s
2023.07.11 18:17:08 INFO  Started: Metals version 0.11.12 in workspace 'D:\Traveltime_internship\project' for client Visual Studio Code 1.80.0.
Jul 11, 2023 6:17:08 PM org.flywaydb.core.internal.license.VersionPrinter printVersionOnly
INFO: Flyway Community Edition 9.16.3 by Redgate
Jul 11, 2023 6:17:08 PM org.flywaydb.core.internal.license.VersionPrinter printVersion
INFO: See release notes here: https://rd.gt/416ObMi
Jul 11, 2023 6:17:08 PM org.flywaydb.core.internal.license.VersionPrinter printVersion
INFO: 
Jul 11, 2023 6:17:13 PM org.flywaydb.core.internal.database.base.BaseDatabaseType createDatabase
INFO: Database: jdbc:h2:file:D:\Traveltime_internship\project\.metals\metals (H2 2.1)
Jul 11, 2023 6:17:13 PM org.flywaydb.core.internal.command.DbValidate validate
INFO: Successfully validated 4 migrations (execution time 00:00.046s)
Jul 11, 2023 6:17:13 PM org.flywaydb.core.internal.command.DbMigrate migrateGroup
INFO: Current version of schema "PUBLIC": 4
Jul 11, 2023 6:17:13 PM org.flywaydb.core.internal.command.DbMigrate logSummary
INFO: Schema "PUBLIC" is up to date. No migration necessary.
2023.07.11 18:17:13 INFO  time: initialize in 5.22s
2023.07.11 18:17:14 INFO  Attempting to connect to the build server...
2023.07.11 18:17:14 INFO  Bloop uses C:\Users\laisk\AppData\Local\Coursier\cache\arc\https\github.com\AdoptOpenJDK\openjdk8-binaries\releases\download\jdk8u292-b10\OpenJDK8U-jdk_x64_windows_hotspot_8u292b10.zip\jdk8u292-b10 defined at C:\Users\laisk\.bloop\bloop.json
2023.07.11 18:17:14 INFO  skipping build import with status 'Installed'
2023.07.11 18:17:21 INFO  no build target found for D:\Traveltime_internship\project\src\main\scala\MatchLocationToRegion.scala. Using presentation compiler with project's scala-library version: 3.2.2
2023.07.11 18:17:24 INFO  time: code lens generation in 9.02s
2023.07.11 18:17:26 INFO  tracing is disabled for protocol BSP, to enable tracing of incoming and outgoing JSON messages create an empty file at D:\Traveltime_internship\project\.metals\bsp.trace.json or C:\Users\laisk\AppData\Local\scalameta\metals\cache\bsp.trace.json
2023.07.11 18:17:26 INFO  Attempting to connect to the build server...
2023.07.11 18:17:26 INFO  Bloop uses C:\Users\laisk\AppData\Local\Coursier\cache\arc\https\github.com\AdoptOpenJDK\openjdk8-binaries\releases\download\jdk8u292-b10\OpenJDK8U-jdk_x64_windows_hotspot_8u292b10.zip\jdk8u292-b10 defined at C:\Users\laisk\.bloop\bloop.json
2023.07.11 18:17:26 INFO  tracing is disabled for protocol BSP, to enable tracing of incoming and outgoing JSON messages create an empty file at D:\Traveltime_internship\project\project\.metals\bsp.trace.json or C:\Users\laisk\AppData\Local\scalameta\metals\cache\bsp.trace.json
2023.07.11 18:17:26 INFO  time: Connected to build server in 12s
2023.07.11 18:17:26 INFO  Connected to Build server: Bloop v1.5.6
2023.07.11 18:17:27 INFO  time: Imported build in 0.22s
2023.07.11 18:17:36 INFO  time: indexed workspace in 9.28s
2023.07.11 18:17:37 INFO  compiling project (1 scala source)
2023.07.11 18:17:45 INFO  time: compiled project in 7.38s
2023.07.11 18:25:08 INFO  compiling project (1 scala source)
2023.07.11 18:25:11 INFO  time: compiled project in 2.37s
2023.07.11 18:27:02 INFO  time: code lens generation in 1.11s
2023.07.11 18:27:02 INFO  time: code lens generation in 3.17s
2023.07.11 18:32:58 INFO  compiling project (1 scala source)
2023.07.11 18:33:00 INFO  time: compiled project in 1.95s
2023.07.11 18:33:20 INFO  compiling project (1 scala source)
2023.07.11 18:33:21 INFO  time: compiled project in 1.36s
2023.07.11 18:35:02 INFO  compiling project (1 scala source)
2023.07.11 18:35:04 INFO  time: compiled project in 1.67s
2023.07.11 18:35:10 INFO  compiling project (1 scala source)
2023.07.11 18:35:12 INFO  time: compiled project in 1.36s
2023.07.11 18:36:12 INFO  compiling project (1 scala source)
2023.07.11 18:36:13 INFO  time: compiled project in 1.19s
Jul 11, 2023 6:39:17 PM org.eclipse.lsp4j.jsonrpc.RemoteEndpoint handleCancellation
WARNING: Unmatched cancel notification for request id 441
Jul 11, 2023 6:39:17 PM org.eclipse.lsp4j.jsonrpc.RemoteEndpoint handleCancellation
WARNING: Unmatched cancel notification for request id 442
2023.07.11 18:47:10 INFO  compiling project (1 scala source)
2023.07.11 18:47:12 INFO  time: compiled project in 1.31s
2023.07.11 18:56:39 INFO  compiling project (1 scala source)
2023.07.11 18:56:41 INFO  time: compiled project in 1.2s
2023.07.11 18:57:18 INFO  compiling project (1 scala source)
2023.07.11 18:57:19 INFO  time: compiled project in 1.47s
2023.07.11 19:04:26 INFO  compiling project (1 scala source)
2023.07.11 19:04:27 INFO  time: compiled project in 1.13s
Jul 11, 2023 7:12:01 PM org.eclipse.lsp4j.jsonrpc.RemoteEndpoint handleCancellation
WARNING: Unmatched cancel notification for request id 1541
Jul 11, 2023 7:36:15 PM org.eclipse.lsp4j.jsonrpc.RemoteEndpoint handleCancellation
WARNING: Unmatched cancel notification for request id 1705
2023.07.11 19:42:47 INFO  compiling project (1 scala source)
2023.07.11 19:42:47 INFO  file:///D:/Traveltime_internship/project/src/main/scala/MatchLocationToRegion.scala:44:21: stale bloop error: unclosed string literal
            println("Failed to parse locations)
                    ^
2023.07.11 19:42:47 INFO  file:///D:/Traveltime_internship/project/src/main/scala/MatchLocationToRegion.scala:44:21: stale bloop error: unclosed string literal
            println("Failed to parse locations)
                    ^
2023.07.11 19:42:47 INFO  file:///D:/Traveltime_internship/project/src/main/scala/MatchLocationToRegion.scala:46:13: stale bloop error: ')' expected but '}' found.
            },
            ^
2023.07.11 19:42:47 INFO  time: compiled project in 0.19s
2023.07.11 19:42:49 INFO  file:///D:/Traveltime_internship/project/src/main/scala/MatchLocationToRegion.scala:44:21: stale bloop error: unclosed string literal
            println("Failed to parse locations)
                    ^
2023.07.11 19:42:49 INFO  file:///D:/Traveltime_internship/project/src/main/scala/MatchLocationToRegion.scala:46:13: stale bloop error: ')' expected but '}' found.
            },
            ^
2023.07.11 19:42:49 INFO  file:///D:/Traveltime_internship/project/src/main/scala/MatchLocationToRegion.scala:44:21: stale bloop error: unclosed string literal
            println("Failed to parse locations)
                    ^
2023.07.11 19:42:49 INFO  file:///D:/Traveltime_internship/project/src/main/scala/MatchLocationToRegion.scala:46:13: stale bloop error: ')' expected but '}' found.
            },
            ^
2023.07.11 19:42:50 INFO  file:///D:/Traveltime_internship/project/src/main/scala/MatchLocationToRegion.scala:44:21: stale bloop error: unclosed string literal
            println("Failed to parse locations)
                    ^
2023.07.11 19:42:50 INFO  file:///D:/Traveltime_internship/project/src/main/scala/MatchLocationToRegion.scala:46:13: stale bloop error: ')' expected but '}' found.
            },
            ^
2023.07.11 19:42:50 INFO  file:///D:/Traveltime_internship/project/src/main/scala/MatchLocationToRegion.scala:44:21: stale bloop error: unclosed string literal
            println("Failed to parse locations)
                    ^
2023.07.11 19:42:50 INFO  file:///D:/Traveltime_internship/project/src/main/scala/MatchLocationToRegion.scala:46:13: stale bloop error: ')' expected but '}' found.
            },
            ^
2023.07.11 19:42:50 INFO  file:///D:/Traveltime_internship/project/src/main/scala/MatchLocationToRegion.scala:44:21: stale bloop error: unclosed string literal
            println("Failed to parse locations)
                    ^
2023.07.11 19:42:50 INFO  file:///D:/Traveltime_internship/project/src/main/scala/MatchLocationToRegion.scala:46:13: stale bloop error: ')' expected but '}' found.
            },
            ^
2023.07.11 19:42:51 INFO  file:///D:/Traveltime_internship/project/src/main/scala/MatchLocationToRegion.scala:44:21: stale bloop error: unclosed string literal
            println("Failed to parse locations)
                    ^
2023.07.11 19:42:51 INFO  file:///D:/Traveltime_internship/project/src/main/scala/MatchLocationToRegion.scala:46:13: stale bloop error: ')' expected but '}' found.
            },
            ^
2023.07.11 19:42:52 INFO  file:///D:/Traveltime_internship/project/src/main/scala/MatchLocationToRegion.scala:44:21: stale bloop error: unclosed string literal
            println("Failed to parse locations)
                    ^
2023.07.11 19:42:52 INFO  file:///D:/Traveltime_internship/project/src/main/scala/MatchLocationToRegion.scala:46:13: stale bloop error: ')' expected but '}' found.
            },
            ^
2023.07.11 19:42:52 INFO  file:///D:/Traveltime_internship/project/src/main/scala/MatchLocationToRegion.scala:44:21: stale bloop error: unclosed string literal
            println("Failed to parse locations)
                    ^
2023.07.11 19:42:52 INFO  file:///D:/Traveltime_internship/project/src/main/scala/MatchLocationToRegion.scala:46:13: stale bloop error: ')' expected but '}' found.
            },
            ^
2023.07.11 19:42:52 INFO  compiling project (1 scala source)
2023.07.11 19:42:52 INFO  time: compiled project in 0.97s
2023.07.11 19:48:23 INFO  compiling project (1 scala source)
2023.07.11 19:48:25 INFO  time: compiled project in 1.45s
